<?xml version="1.0" encoding="UTF-8"?>
<!-- Generated by org.testng.reporters.JUnitXMLReporter -->
<testsuite hostname="Ankushs-MacBook-Pro.local" ignored="0" name="BankingApp" tests="1" failures="1" timestamp="15 Oct 2020 02:43:19 GMT" time="22.851" errors="0">
  <testcase name="addcustomer" time="17.279" classname="com.inetBanking.testCases.TC_AddCustomer_003">
    <failure type="java.lang.AssertionError" message="expected [true] but found [false]">
      <![CDATA[java.lang.AssertionError: expected [true] but found [false]
at com.inetBanking.testCases.TC_AddCustomer_003.addcustomer(TC_AddCustomer_003.java:66)
... Removed 29 stack frames]]>
    </failure>
  </testcase> <!-- addcustomer -->
</testsuite> <!-- BankingApp -->
